Starting Dapr with id tapr-2023-equipe3-aluno-nodejs. HTTP Port: 35261. gRPC Port: 44609
Updating metadata for cliPID: 4510
time="2023-12-03T19:52:48.547063134Z" level=info msg="Starting Dapr Runtime -- version 1.12.2 -- commit f954254ed520409602024ea6d507d0405afa1f07" app_id=tapr-2023-equipe3-aluno-nodejs instance=codespaces-8c9c5c scope=dapr.runtime type=log ver=1.12.2
time="2023-12-03T19:52:48.5471359Z" level=info msg="Log level set to: info" app_id=tapr-2023-equipe3-aluno-nodejs instance=codespaces-8c9c5c scope=dapr.runtime type=log ver=1.12.2
time="2023-12-03T19:52:48.571446736Z" level=warning msg="mTLS is disabled. Skipping certificate request and tls validation" app_id=tapr-2023-equipe3-aluno-nodejs instance=codespaces-8c9c5c scope=dapr.runtime.security type=log ver=1.12.2
time="2023-12-03T19:52:48.616400222Z" level=info msg="standalone mode configured" app_id=tapr-2023-equipe3-aluno-nodejs instance=codespaces-8c9c5c scope=dapr.runtime type=log ver=1.12.2
time="2023-12-03T19:52:48.632443097Z" level=info msg="app id: tapr-2023-equipe3-aluno-nodejs" app_id=tapr-2023-equipe3-aluno-nodejs instance=codespaces-8c9c5c scope=dapr.runtime type=log ver=1.12.2
time="2023-12-03T19:52:48.632585472Z" level=info msg="Dapr trace sampler initialized: DaprTraceSampler(P=1.000000)" app_id=tapr-2023-equipe3-aluno-nodejs instance=codespaces-8c9c5c scope=dapr.runtime type=log ver=1.12.2
time="2023-12-03T19:52:48.63258565Z" level=info msg="metrics server started on :42893/" app_id=tapr-2023-equipe3-aluno-nodejs instance=codespaces-8c9c5c scope=dapr.runtime type=log ver=1.12.2
time="2023-12-03T19:52:48.669793455Z" level=info msg="local service entry announced: tapr-2023-equipe3-aluno-nodejs -> 172.16.5.4:40013" app_id=tapr-2023-equipe3-aluno-nodejs component="mdns (nameResolution/v1)" instance=codespaces-8c9c5c scope=dapr.contrib type=log ver=1.12.2
time="2023-12-03T19:52:48.670126145Z" level=info msg="Initialized name resolution to mdns" app_id=tapr-2023-equipe3-aluno-nodejs instance=codespaces-8c9c5c scope=dapr.runtime type=log ver=1.12.2
time="2023-12-03T19:52:48.670446192Z" level=info msg="Loading components…" app_id=tapr-2023-equipe3-aluno-nodejs instance=codespaces-8c9c5c scope=dapr.runtime type=log ver=1.12.2
time="2023-12-03T19:52:48.672542089Z" level=info msg="Waiting for all outstanding components to be processed…" app_id=tapr-2023-equipe3-aluno-nodejs instance=codespaces-8c9c5c scope=dapr.runtime type=log ver=1.12.2
time="2023-12-03T19:52:51.690506401Z" level=info msg="Component loaded: servicebus-pubsub (pubsub.azure.servicebus.topics/v1)" app_id=tapr-2023-equipe3-aluno-nodejs instance=codespaces-8c9c5c scope=dapr.runtime type=log ver=1.12.2
time="2023-12-03T19:52:51.690574859Z" level=info msg="All outstanding components processed" app_id=tapr-2023-equipe3-aluno-nodejs instance=codespaces-8c9c5c scope=dapr.runtime type=log ver=1.12.2
time="2023-12-03T19:52:51.690595518Z" level=info msg="Loading endpoints…" app_id=tapr-2023-equipe3-aluno-nodejs instance=codespaces-8c9c5c scope=dapr.runtime type=log ver=1.12.2
time="2023-12-03T19:52:51.691632251Z" level=info msg="Waiting for all outstanding http endpoints to be processed…" app_id=tapr-2023-equipe3-aluno-nodejs instance=codespaces-8c9c5c scope=dapr.runtime type=log ver=1.12.2
time="2023-12-03T19:52:51.69169106Z" level=info msg="All outstanding http endpoints processed" app_id=tapr-2023-equipe3-aluno-nodejs instance=codespaces-8c9c5c scope=dapr.runtime type=log ver=1.12.2
time="2023-12-03T19:52:51.691810613Z" level=info msg="gRPC server listening on TCP address: :44609" app_id=tapr-2023-equipe3-aluno-nodejs instance=codespaces-8c9c5c scope=dapr.runtime.grpc.api type=log ver=1.12.2
time="2023-12-03T19:52:51.691868171Z" level=info msg="Enabled gRPC tracing middleware" app_id=tapr-2023-equipe3-aluno-nodejs instance=codespaces-8c9c5c scope=dapr.runtime.grpc.api type=log ver=1.12.2
time="2023-12-03T19:52:51.69216293Z" level=info msg="Enabled gRPC metrics middleware" app_id=tapr-2023-equipe3-aluno-nodejs instance=codespaces-8c9c5c scope=dapr.runtime.grpc.api type=log ver=1.12.2
time="2023-12-03T19:52:51.692521849Z" level=info msg="Registering workflow engine for gRPC endpoint: [::]:44609" app_id=tapr-2023-equipe3-aluno-nodejs instance=codespaces-8c9c5c scope=dapr.runtime.grpc.api type=log ver=1.12.2
time="2023-12-03T19:52:51.692829773Z" level=info msg="API gRPC server is running on port 44609" app_id=tapr-2023-equipe3-aluno-nodejs instance=codespaces-8c9c5c scope=dapr.runtime type=log ver=1.12.2
time="2023-12-03T19:52:51.694362331Z" level=info msg="Enabled max body size HTTP middleware with size 4 MB" app_id=tapr-2023-equipe3-aluno-nodejs instance=codespaces-8c9c5c scope=dapr.runtime.http type=log ver=1.12.2
time="2023-12-03T19:52:51.694594584Z" level=info msg="Enabled tracing HTTP middleware" app_id=tapr-2023-equipe3-aluno-nodejs instance=codespaces-8c9c5c scope=dapr.runtime.http type=log ver=1.12.2
time="2023-12-03T19:52:51.694852304Z" level=info msg="Enabled metrics HTTP middleware" app_id=tapr-2023-equipe3-aluno-nodejs instance=codespaces-8c9c5c scope=dapr.runtime.http type=log ver=1.12.2
time="2023-12-03T19:52:51.695496646Z" level=info msg="HTTP server listening on TCP address: :35261" app_id=tapr-2023-equipe3-aluno-nodejs instance=codespaces-8c9c5c scope=dapr.runtime.http type=log ver=1.12.2
time="2023-12-03T19:52:51.695796004Z" level=info msg="HTTP server is running on port 35261" app_id=tapr-2023-equipe3-aluno-nodejs instance=codespaces-8c9c5c scope=dapr.runtime type=log ver=1.12.2
time="2023-12-03T19:52:51.696082017Z" level=info msg="The request body size parameter is: 4" app_id=tapr-2023-equipe3-aluno-nodejs instance=codespaces-8c9c5c scope=dapr.runtime type=log ver=1.12.2
time="2023-12-03T19:52:51.69615851Z" level=info msg="gRPC server listening on TCP address: :40013" app_id=tapr-2023-equipe3-aluno-nodejs instance=codespaces-8c9c5c scope=dapr.runtime.grpc.internal type=log ver=1.12.2
time="2023-12-03T19:52:51.696380764Z" level=info msg="Enabled gRPC tracing middleware" app_id=tapr-2023-equipe3-aluno-nodejs instance=codespaces-8c9c5c scope=dapr.runtime.grpc.internal type=log ver=1.12.2
time="2023-12-03T19:52:51.696421781Z" level=info msg="Enabled gRPC metrics middleware" app_id=tapr-2023-equipe3-aluno-nodejs instance=codespaces-8c9c5c scope=dapr.runtime.grpc.internal type=log ver=1.12.2
time="2023-12-03T19:52:51.69647515Z" level=info msg="Internal gRPC server is running on port 40013" app_id=tapr-2023-equipe3-aluno-nodejs instance=codespaces-8c9c5c scope=dapr.runtime type=log ver=1.12.2
time="2023-12-03T19:52:51.697004748Z" level=info msg="application protocol: http. waiting on port 3000.  This will block until the app is listening on that port." app_id=tapr-2023-equipe3-aluno-nodejs instance=codespaces-8c9c5c scope=dapr.runtime type=log ver=1.12.2
Updating metadata for app command: npm run dev
Updating metadata for appPID: 4606
You're up and running! Dapr logs will appear here.


termination signal received: shutting down
Exited Dapr successfully
Exited App successfully
