Starting Dapr with id tapr-2023-equipe3-aluno-nodejs. HTTP Port: 41667. gRPC Port: 40441
Updating metadata for cliPID: 7343
time="2023-12-03T19:56:42.325084344Z" level=info msg="Starting Dapr Runtime -- version 1.12.2 -- commit f954254ed520409602024ea6d507d0405afa1f07" app_id=tapr-2023-equipe3-aluno-nodejs instance=codespaces-8c9c5c scope=dapr.runtime type=log ver=1.12.2
time="2023-12-03T19:56:42.325407787Z" level=info msg="Log level set to: info" app_id=tapr-2023-equipe3-aluno-nodejs instance=codespaces-8c9c5c scope=dapr.runtime type=log ver=1.12.2
time="2023-12-03T19:56:42.32606372Z" level=warning msg="mTLS is disabled. Skipping certificate request and tls validation" app_id=tapr-2023-equipe3-aluno-nodejs instance=codespaces-8c9c5c scope=dapr.runtime.security type=log ver=1.12.2
time="2023-12-03T19:56:42.327271081Z" level=info msg="metrics server started on :37369/" app_id=tapr-2023-equipe3-aluno-nodejs instance=codespaces-8c9c5c scope=dapr.runtime type=log ver=1.12.2
time="2023-12-03T19:56:42.327531787Z" level=info msg="standalone mode configured" app_id=tapr-2023-equipe3-aluno-nodejs instance=codespaces-8c9c5c scope=dapr.runtime type=log ver=1.12.2
time="2023-12-03T19:56:42.327598872Z" level=info msg="app id: tapr-2023-equipe3-aluno-nodejs" app_id=tapr-2023-equipe3-aluno-nodejs instance=codespaces-8c9c5c scope=dapr.runtime type=log ver=1.12.2
time="2023-12-03T19:56:42.327673552Z" level=info msg="Dapr trace sampler initialized: DaprTraceSampler(P=1.000000)" app_id=tapr-2023-equipe3-aluno-nodejs instance=codespaces-8c9c5c scope=dapr.runtime type=log ver=1.12.2
time="2023-12-03T19:56:42.328320297Z" level=info msg="local service entry announced: tapr-2023-equipe3-aluno-nodejs -> 172.16.5.4:42997" app_id=tapr-2023-equipe3-aluno-nodejs component="mdns (nameResolution/v1)" instance=codespaces-8c9c5c scope=dapr.contrib type=log ver=1.12.2
time="2023-12-03T19:56:42.328362005Z" level=info msg="Initialized name resolution to mdns" app_id=tapr-2023-equipe3-aluno-nodejs instance=codespaces-8c9c5c scope=dapr.runtime type=log ver=1.12.2
time="2023-12-03T19:56:42.328436584Z" level=info msg="Loading components…" app_id=tapr-2023-equipe3-aluno-nodejs instance=codespaces-8c9c5c scope=dapr.runtime type=log ver=1.12.2
time="2023-12-03T19:56:42.328999464Z" level=info msg="Waiting for all outstanding components to be processed…" app_id=tapr-2023-equipe3-aluno-nodejs instance=codespaces-8c9c5c scope=dapr.runtime type=log ver=1.12.2
time="2023-12-03T19:56:45.329451294Z" level=info msg="Component loaded: servicebus-pubsub (pubsub.azure.servicebus.topics/v1)" app_id=tapr-2023-equipe3-aluno-nodejs instance=codespaces-8c9c5c scope=dapr.runtime type=log ver=1.12.2
time="2023-12-03T19:56:45.329582579Z" level=info msg="All outstanding components processed" app_id=tapr-2023-equipe3-aluno-nodejs instance=codespaces-8c9c5c scope=dapr.runtime type=log ver=1.12.2
time="2023-12-03T19:56:45.329621701Z" level=info msg="Loading endpoints…" app_id=tapr-2023-equipe3-aluno-nodejs instance=codespaces-8c9c5c scope=dapr.runtime type=log ver=1.12.2
time="2023-12-03T19:56:45.329887627Z" level=info msg="Waiting for all outstanding http endpoints to be processed…" app_id=tapr-2023-equipe3-aluno-nodejs instance=codespaces-8c9c5c scope=dapr.runtime type=log ver=1.12.2
time="2023-12-03T19:56:45.329934314Z" level=info msg="All outstanding http endpoints processed" app_id=tapr-2023-equipe3-aluno-nodejs instance=codespaces-8c9c5c scope=dapr.runtime type=log ver=1.12.2
time="2023-12-03T19:56:45.330052555Z" level=info msg="gRPC server listening on TCP address: :40441" app_id=tapr-2023-equipe3-aluno-nodejs instance=codespaces-8c9c5c scope=dapr.runtime.grpc.api type=log ver=1.12.2
time="2023-12-03T19:56:45.33009798Z" level=info msg="Enabled gRPC tracing middleware" app_id=tapr-2023-equipe3-aluno-nodejs instance=codespaces-8c9c5c scope=dapr.runtime.grpc.api type=log ver=1.12.2
time="2023-12-03T19:56:45.330126813Z" level=info msg="Enabled gRPC metrics middleware" app_id=tapr-2023-equipe3-aluno-nodejs instance=codespaces-8c9c5c scope=dapr.runtime.grpc.api type=log ver=1.12.2
time="2023-12-03T19:56:45.330229004Z" level=info msg="Registering workflow engine for gRPC endpoint: [::]:40441" app_id=tapr-2023-equipe3-aluno-nodejs instance=codespaces-8c9c5c scope=dapr.runtime.grpc.api type=log ver=1.12.2
time="2023-12-03T19:56:45.330285409Z" level=info msg="API gRPC server is running on port 40441" app_id=tapr-2023-equipe3-aluno-nodejs instance=codespaces-8c9c5c scope=dapr.runtime type=log ver=1.12.2
time="2023-12-03T19:56:45.330354858Z" level=info msg="Enabled max body size HTTP middleware with size 4 MB" app_id=tapr-2023-equipe3-aluno-nodejs instance=codespaces-8c9c5c scope=dapr.runtime.http type=log ver=1.12.2
time="2023-12-03T19:56:45.330390815Z" level=info msg="Enabled tracing HTTP middleware" app_id=tapr-2023-equipe3-aluno-nodejs instance=codespaces-8c9c5c scope=dapr.runtime.http type=log ver=1.12.2
time="2023-12-03T19:56:45.330416704Z" level=info msg="Enabled metrics HTTP middleware" app_id=tapr-2023-equipe3-aluno-nodejs instance=codespaces-8c9c5c scope=dapr.runtime.http type=log ver=1.12.2
time="2023-12-03T19:56:45.33075232Z" level=info msg="HTTP server listening on TCP address: :41667" app_id=tapr-2023-equipe3-aluno-nodejs instance=codespaces-8c9c5c scope=dapr.runtime.http type=log ver=1.12.2
time="2023-12-03T19:56:45.339155577Z" level=info msg="HTTP server is running on port 41667" app_id=tapr-2023-equipe3-aluno-nodejs instance=codespaces-8c9c5c scope=dapr.runtime type=log ver=1.12.2
time="2023-12-03T19:56:45.339222181Z" level=info msg="The request body size parameter is: 4" app_id=tapr-2023-equipe3-aluno-nodejs instance=codespaces-8c9c5c scope=dapr.runtime type=log ver=1.12.2
time="2023-12-03T19:56:45.339286401Z" level=info msg="gRPC server listening on TCP address: :42997" app_id=tapr-2023-equipe3-aluno-nodejs instance=codespaces-8c9c5c scope=dapr.runtime.grpc.internal type=log ver=1.12.2
time="2023-12-03T19:56:45.339321637Z" level=info msg="Enabled gRPC tracing middleware" app_id=tapr-2023-equipe3-aluno-nodejs instance=codespaces-8c9c5c scope=dapr.runtime.grpc.internal type=log ver=1.12.2
time="2023-12-03T19:56:45.339347044Z" level=info msg="Enabled gRPC metrics middleware" app_id=tapr-2023-equipe3-aluno-nodejs instance=codespaces-8c9c5c scope=dapr.runtime.grpc.internal type=log ver=1.12.2
time="2023-12-03T19:56:45.339438996Z" level=info msg="Internal gRPC server is running on port 42997" app_id=tapr-2023-equipe3-aluno-nodejs instance=codespaces-8c9c5c scope=dapr.runtime type=log ver=1.12.2
time="2023-12-03T19:56:45.339535926Z" level=info msg="application protocol: http. waiting on port 3000.  This will block until the app is listening on that port." app_id=tapr-2023-equipe3-aluno-nodejs instance=codespaces-8c9c5c scope=dapr.runtime type=log ver=1.12.2
Updating metadata for app command: npm run dev
Updating metadata for appPID: 7358
You're up and running! Dapr logs will appear here.

time="2023-12-03T19:59:36.159442282Z" level=info msg="Received signal 'interrupt'; beginning shutdown" app_id=tapr-2023-equipe3-aluno-nodejs instance=codespaces-8c9c5c scope=dapr.signals type=log ver=1.12.2
time="2023-12-03T19:59:36.159771055Z" level=info msg="Dapr is shutting down" app_id=tapr-2023-equipe3-aluno-nodejs instance=codespaces-8c9c5c scope=dapr.runtime type=log ver=1.12.2
time="2023-12-03T19:59:36.159813124Z" level=info msg="Shutting down component servicebus-pubsub (pubsub.azure.servicebus.topics/v1)" app_id=tapr-2023-equipe3-aluno-nodejs instance=codespaces-8c9c5c scope=dapr.runtime type=log ver=1.12.2
time="2023-12-03T19:59:36.159846766Z" level=info msg="Dapr runtime stopped" app_id=tapr-2023-equipe3-aluno-nodejs instance=codespaces-8c9c5c scope=dapr.runtime type=log ver=1.12.2
time="2023-12-03T19:59:36.159862796Z" level=info msg="Shutting down workflow engine" app_id=tapr-2023-equipe3-aluno-nodejs instance=codespaces-8c9c5c scope=dapr.runtime type=log ver=1.12.2
time="2023-12-03T19:59:36.159968804Z" level=info msg="Closing HTTP server [::]:41667…" app_id=tapr-2023-equipe3-aluno-nodejs instance=codespaces-8c9c5c scope=dapr.runtime.http type=log ver=1.12.2
time="2023-12-03T19:59:36.160022384Z" level=info msg="stopping mDNS server for app id: tapr-2023-equipe3-aluno-nodejs" app_id=tapr-2023-equipe3-aluno-nodejs component="mdns (nameResolution/v1)" instance=codespaces-8c9c5c scope=dapr.contrib type=log ver=1.12.2

termination signal received: shutting down
Exited Dapr successfully
Exited App successfully
