Starting Dapr with id tapr-2023-equipe3-aluno-nodejs. HTTP Port: 33067. gRPC Port: 45237
Updating metadata for cliPID: 14146
time="2023-12-03T20:06:49.661220757Z" level=info msg="Starting Dapr Runtime -- version 1.12.2 -- commit f954254ed520409602024ea6d507d0405afa1f07" app_id=tapr-2023-equipe3-aluno-nodejs instance=codespaces-8c9c5c scope=dapr.runtime type=log ver=1.12.2
time="2023-12-03T20:06:49.661512802Z" level=info msg="Log level set to: info" app_id=tapr-2023-equipe3-aluno-nodejs instance=codespaces-8c9c5c scope=dapr.runtime type=log ver=1.12.2
time="2023-12-03T20:06:49.661904552Z" level=warning msg="mTLS is disabled. Skipping certificate request and tls validation" app_id=tapr-2023-equipe3-aluno-nodejs instance=codespaces-8c9c5c scope=dapr.runtime.security type=log ver=1.12.2
time="2023-12-03T20:06:49.665665755Z" level=info msg="metrics server started on :42749/" app_id=tapr-2023-equipe3-aluno-nodejs instance=codespaces-8c9c5c scope=dapr.runtime type=log ver=1.12.2
time="2023-12-03T20:06:49.665938524Z" level=info msg="standalone mode configured" app_id=tapr-2023-equipe3-aluno-nodejs instance=codespaces-8c9c5c scope=dapr.runtime type=log ver=1.12.2
time="2023-12-03T20:06:49.665983037Z" level=info msg="app id: tapr-2023-equipe3-aluno-nodejs" app_id=tapr-2023-equipe3-aluno-nodejs instance=codespaces-8c9c5c scope=dapr.runtime type=log ver=1.12.2
time="2023-12-03T20:06:49.666061984Z" level=info msg="Dapr trace sampler initialized: DaprTraceSampler(P=1.000000)" app_id=tapr-2023-equipe3-aluno-nodejs instance=codespaces-8c9c5c scope=dapr.runtime type=log ver=1.12.2
time="2023-12-03T20:06:49.666966681Z" level=info msg="local service entry announced: tapr-2023-equipe3-aluno-nodejs -> 172.16.5.4:36125" app_id=tapr-2023-equipe3-aluno-nodejs component="mdns (nameResolution/v1)" instance=codespaces-8c9c5c scope=dapr.contrib type=log ver=1.12.2
time="2023-12-03T20:06:49.667013157Z" level=info msg="Initialized name resolution to mdns" app_id=tapr-2023-equipe3-aluno-nodejs instance=codespaces-8c9c5c scope=dapr.runtime type=log ver=1.12.2
time="2023-12-03T20:06:49.667088498Z" level=info msg="Loading components…" app_id=tapr-2023-equipe3-aluno-nodejs instance=codespaces-8c9c5c scope=dapr.runtime type=log ver=1.12.2
time="2023-12-03T20:06:49.66786159Z" level=info msg="Waiting for all outstanding components to be processed…" app_id=tapr-2023-equipe3-aluno-nodejs instance=codespaces-8c9c5c scope=dapr.runtime type=log ver=1.12.2
time="2023-12-03T20:06:52.668846383Z" level=info msg="Component loaded: servicebus-pubsub (pubsub.azure.servicebus.topics/v1)" app_id=tapr-2023-equipe3-aluno-nodejs instance=codespaces-8c9c5c scope=dapr.runtime type=log ver=1.12.2
time="2023-12-03T20:06:52.66892504Z" level=info msg="All outstanding components processed" app_id=tapr-2023-equipe3-aluno-nodejs instance=codespaces-8c9c5c scope=dapr.runtime type=log ver=1.12.2
time="2023-12-03T20:06:52.66895761Z" level=info msg="Loading endpoints…" app_id=tapr-2023-equipe3-aluno-nodejs instance=codespaces-8c9c5c scope=dapr.runtime type=log ver=1.12.2
time="2023-12-03T20:06:52.669197107Z" level=info msg="Waiting for all outstanding http endpoints to be processed…" app_id=tapr-2023-equipe3-aluno-nodejs instance=codespaces-8c9c5c scope=dapr.runtime type=log ver=1.12.2
time="2023-12-03T20:06:52.669231291Z" level=info msg="All outstanding http endpoints processed" app_id=tapr-2023-equipe3-aluno-nodejs instance=codespaces-8c9c5c scope=dapr.runtime type=log ver=1.12.2
time="2023-12-03T20:06:52.669352186Z" level=info msg="gRPC server listening on TCP address: :45237" app_id=tapr-2023-equipe3-aluno-nodejs instance=codespaces-8c9c5c scope=dapr.runtime.grpc.api type=log ver=1.12.2
time="2023-12-03T20:06:52.669385588Z" level=info msg="Enabled gRPC tracing middleware" app_id=tapr-2023-equipe3-aluno-nodejs instance=codespaces-8c9c5c scope=dapr.runtime.grpc.api type=log ver=1.12.2
time="2023-12-03T20:06:52.669403442Z" level=info msg="Enabled gRPC metrics middleware" app_id=tapr-2023-equipe3-aluno-nodejs instance=codespaces-8c9c5c scope=dapr.runtime.grpc.api type=log ver=1.12.2
time="2023-12-03T20:06:52.669496074Z" level=info msg="Registering workflow engine for gRPC endpoint: [::]:45237" app_id=tapr-2023-equipe3-aluno-nodejs instance=codespaces-8c9c5c scope=dapr.runtime.grpc.api type=log ver=1.12.2
time="2023-12-03T20:06:52.669551037Z" level=info msg="API gRPC server is running on port 45237" app_id=tapr-2023-equipe3-aluno-nodejs instance=codespaces-8c9c5c scope=dapr.runtime type=log ver=1.12.2
time="2023-12-03T20:06:52.669620707Z" level=info msg="Enabled max body size HTTP middleware with size 4 MB" app_id=tapr-2023-equipe3-aluno-nodejs instance=codespaces-8c9c5c scope=dapr.runtime.http type=log ver=1.12.2
time="2023-12-03T20:06:52.669650963Z" level=info msg="Enabled tracing HTTP middleware" app_id=tapr-2023-equipe3-aluno-nodejs instance=codespaces-8c9c5c scope=dapr.runtime.http type=log ver=1.12.2
time="2023-12-03T20:06:52.669671551Z" level=info msg="Enabled metrics HTTP middleware" app_id=tapr-2023-equipe3-aluno-nodejs instance=codespaces-8c9c5c scope=dapr.runtime.http type=log ver=1.12.2
time="2023-12-03T20:06:52.669991699Z" level=info msg="HTTP server listening on TCP address: :33067" app_id=tapr-2023-equipe3-aluno-nodejs instance=codespaces-8c9c5c scope=dapr.runtime.http type=log ver=1.12.2
time="2023-12-03T20:06:52.670034198Z" level=info msg="HTTP server is running on port 33067" app_id=tapr-2023-equipe3-aluno-nodejs instance=codespaces-8c9c5c scope=dapr.runtime type=log ver=1.12.2
time="2023-12-03T20:06:52.670056128Z" level=info msg="The request body size parameter is: 4" app_id=tapr-2023-equipe3-aluno-nodejs instance=codespaces-8c9c5c scope=dapr.runtime type=log ver=1.12.2
time="2023-12-03T20:06:52.670110911Z" level=info msg="gRPC server listening on TCP address: :36125" app_id=tapr-2023-equipe3-aluno-nodejs instance=codespaces-8c9c5c scope=dapr.runtime.grpc.internal type=log ver=1.12.2
time="2023-12-03T20:06:52.670141498Z" level=info msg="Enabled gRPC tracing middleware" app_id=tapr-2023-equipe3-aluno-nodejs instance=codespaces-8c9c5c scope=dapr.runtime.grpc.internal type=log ver=1.12.2
time="2023-12-03T20:06:52.670161976Z" level=info msg="Enabled gRPC metrics middleware" app_id=tapr-2023-equipe3-aluno-nodejs instance=codespaces-8c9c5c scope=dapr.runtime.grpc.internal type=log ver=1.12.2
time="2023-12-03T20:06:52.670204706Z" level=info msg="Internal gRPC server is running on port 36125" app_id=tapr-2023-equipe3-aluno-nodejs instance=codespaces-8c9c5c scope=dapr.runtime type=log ver=1.12.2
time="2023-12-03T20:06:52.670286217Z" level=info msg="application protocol: http. waiting on port 3000.  This will block until the app is listening on that port." app_id=tapr-2023-equipe3-aluno-nodejs instance=codespaces-8c9c5c scope=dapr.runtime type=log ver=1.12.2
time="2023-12-03T20:06:54.580301724Z" level=info msg="application discovered on port 3000" app_id=tapr-2023-equipe3-aluno-nodejs instance=codespaces-8c9c5c scope=dapr.runtime type=log ver=1.12.2
time="2023-12-03T20:06:54.632181062Z" level=info msg="Application configuration loaded" app_id=tapr-2023-equipe3-aluno-nodejs instance=codespaces-8c9c5c scope=dapr.runtime type=log ver=1.12.2
time="2023-12-03T20:06:54.632525273Z" level=info msg="actors: state store is not configured - this is okay for clients but services with hosted actors will fail to initialize!" app_id=tapr-2023-equipe3-aluno-nodejs instance=codespaces-8c9c5c scope=dapr.runtime type=log ver=1.12.2
time="2023-12-03T20:06:54.632815234Z" level=info msg="Actor runtime started. Actor idle timeout: 1h0m0s. Actor scan interval: 30s" app_id=tapr-2023-equipe3-aluno-nodejs instance=codespaces-8c9c5c scope=dapr.runtime.actor type=log ver=1.12.2
time="2023-12-03T20:06:54.633832803Z" level=info msg="Configuring workflow engine with actors backend" app_id=tapr-2023-equipe3-aluno-nodejs instance=codespaces-8c9c5c scope=dapr.runtime.wfengine type=log ver=1.12.2
time="2023-12-03T20:06:54.6338684Z" level=info msg="Registering component for dapr workflow engine..." app_id=tapr-2023-equipe3-aluno-nodejs instance=codespaces-8c9c5c scope=dapr.runtime type=log ver=1.12.2
time="2023-12-03T20:06:54.633909476Z" level=info msg="Initializing Dapr workflow component" app_id=tapr-2023-equipe3-aluno-nodejs component="dapr (workflow.dapr/v1)" instance=codespaces-8c9c5c scope=dapr.contrib type=log ver=1.12.2
time="2023-12-03T20:06:54.648722395Z" level=info msg="dapr initialized. Status: Running. Init Elapsed 4982ms" app_id=tapr-2023-equipe3-aluno-nodejs instance=codespaces-8c9c5c scope=dapr.runtime type=log ver=1.12.2
time="2023-12-03T20:06:54.757959928Z" level=info msg="Placement tables updated, version: 0" app_id=tapr-2023-equipe3-aluno-nodejs instance=codespaces-8c9c5c scope=dapr.runtime.actors.placement type=log ver=1.12.2
Updating metadata for app command: npm run dev
Updating metadata for appPID: 14160
You're up and running! Dapr logs will appear here.


termination signal received: shutting down
Exited Dapr successfully
Exited App successfully
